================================================================================
.NET SOLUTION BUILD & ERROR RESOLUTION LOG
================================================================================
Solution: TailwindBlog.slnx
Date: February 5, 2026
Build Process: Universal .NET Solution Build & Error Resolution

================================================================================
STEP 1: LOCATE SOLUTION FILE
================================================================================
Status: SUCCESS
Command: ls -la *.slnx
Output: Found TailwindBlog.slnx (1252 bytes)
Location: /home/mpaulosky/Repos/TailwindBlogApp/TailwindBlog.slnx

================================================================================
STEP 2: RESTORE DEPENDENCIES
================================================================================
Status: SUCCESS
Command: dotnet restore TailwindBlog.slnx
Duration: 1.4s
Output: Restore complete (1.3s), Build succeeded in 1.4s
Result: All NuGet packages successfully restored

================================================================================
STEP 3: INITIAL BUILD ATTEMPT
================================================================================
Status: FAILED
Command: dotnet build TailwindBlog.slnx --no-restore
Duration: 8.4s

Build Results:
✓ MyMediatR net10.0 - succeeded (2.6s)
✓ ServiceDefaults net10.0 - succeeded (2.6s)
✓ Domain net10.0 - succeeded (0.8s)
✓ MyMediator.Tests.Unit net10.0 - succeeded (0.8s)
✓ Persistence.Postgres net10.0 - succeeded (0.4s)
✓ Domain.Tests.Unit net10.0 - succeeded (0.6s)
✓ Persistence.Postgres.Migrations net10.0 - succeeded (0.5s)
✗ Web net10.0 - FAILED with 2 error(s) (4.3s)

Errors Encountered:
--------------------------------------------------------------------------------
ERROR 1:
Type: EXEC error
Description: No prebuild or local build of @parcel/watcher found
Details: Tried @parcel/watcher-linux-x64-glibc. 
         Please ensure it is installed (don't use --no-optional when installing).
Location: Web project npm build process

ERROR 2:
Type: MSB3073
File: /home/mpaulosky/Repos/TailwindBlogApp/Web/Web.csproj(40,3)
Description: The command "npm run build:css" exited with code 1
Cause: Missing npm dependencies for Tailwind CSS build process

================================================================================
STEP 4: ERROR RESOLUTION
================================================================================
Root Cause Analysis:
- The Web project requires npm dependencies for Tailwind CSS
- Dependencies were not installed in the Web directory
- @parcel/watcher is a required dependency of @tailwindcss/cli
- The build process executes "npm run build:css" which requires these dependencies

Resolution Applied:
--------------------------------------------------------------------------------
Action: Install npm dependencies
Command: cd Web && npm install
Duration: 671ms

Changes Made:
- Added 6 packages
- Removed 1 package
- Changed 2 packages
- Total audited: 48 packages
- Vulnerabilities found: 0

Packages Installed:
- @tailwindcss/cli: ^4.1.7
- tailwindcss: ^4.1.7
- And 4 additional dependencies

================================================================================
STEP 5: REBUILD VERIFICATION
================================================================================
Status: SUCCESS
Command: dotnet build TailwindBlog.slnx --no-restore
Duration: 5.0s

Build Results:
✓ ServiceDefaults net10.0 - succeeded (0.1s)
✓ MyMediatR net10.0 - succeeded (0.1s)
✓ Domain net10.0 - succeeded (0.2s)
✓ MyMediator.Tests.Unit net10.0 - succeeded (0.2s)
✓ Persistence.Postgres net10.0 - succeeded (0.1s)
✓ Domain.Tests.Unit net10.0 - succeeded (0.1s)
✓ Persistence.Postgres.Migrations net10.0 - succeeded (0.1s)
✓ Web net10.0 - succeeded (3.2s)
✓ AppHost net10.0 - succeeded (0.6s)
✓ Architecture.Tests net10.0 - succeeded (0.4s)
✓ Web.Tests.Bunit net10.0 - succeeded (1.1s)

Final Result: Build succeeded in 5.0s
Errors: 0
Warnings: 0

================================================================================
STEP 6: UNIT TESTS EXECUTION
================================================================================
Status: SUCCESS
Command: dotnet test TailwindBlog.slnx --no-build --verbosity normal
Duration: 2.2s

Test Projects:
- Architecture.Tests (net10.0) - succeeded (1.4s)
- MyMediator.Tests.Unit (net10.0) - succeeded (1.5s)
- Domain.Tests.Unit (net10.0) - succeeded (1.8s)
- Web.Tests.Bunit (net10.0) - succeeded (2.0s)

Test Summary:
- Total Tests: 265
- Passed: 265
- Failed: 0
- Skipped: 0
- Duration: 2.0s
- Test Framework: xUnit.net v3.1.3+b1b99bdeb3 (64-bit .NET 10.0.1)

Result: ALL TESTS PASSED ✓

================================================================================
SUMMARY
================================================================================
Build Status: ✓ SUCCESS
Test Status: ✓ ALL PASSED

Total Build Time: 5.0s
Total Test Time: 2.2s
Total Projects: 11
Total Tests: 265

Issues Resolved: 2
- Missing @parcel/watcher npm dependency
- npm run build:css failing due to missing dependencies

Changes Made to Codebase:
- None (only installed npm dependencies in Web/node_modules)

Files Modified:
- Web/package-lock.json (updated with new dependency resolutions)
- Web/node_modules/ (new packages installed)

Recommendations:
1. Ensure npm dependencies are installed before building the solution
2. Add npm install step to CI/CD pipeline
3. Document npm dependency installation in build documentation
4. Consider adding a pre-build script to check for npm dependencies

================================================================================
BUILD VERIFICATION COMPLETE
================================================================================
Final Build Output: Build succeeded with zero errors and warnings
Final Test Output: All 265 tests passed successfully
Date Completed: February 5, 2026

The solution is ready for deployment.
================================================================================
